<?xml version="1.0" encoding="UTF-8"?>
<testsuite xmlns:xsi="http://www.w3.org/2001/XMLSchema-instance" xsi:noNamespaceSchemaLocation="https://maven.apache.org/surefire/maven-surefire-plugin/xsd/surefire-test-report-3.0.xsd" version="3.0" name="com.aare.collector.service.ApiEventListenerTest" time="0.685" tests="1" errors="0" skipped="0" failures="0">
  <properties>
[...]
</properties>
  <testcase name="shouldProcessIncomingApiEvent_withoutHardcodingMethodOrExchangeNames" classname="com.aare.collector.service.ApiEventListenerTest" time="0.673">
    <system-out><![CDATA[14:03:26.912 [main] INFO com.aare.collector.service.ApiEventListener -- Saved ApiEvent: req-123
]]></system-out>
  </testcase>
</testsuite>